{"C:\\Users\\iosif\\Documents\\coding-projects\\voicenote\\src\\db.js": {"path":"C:\\Users\\iosif\\Documents\\coding-projects\\voicenote\\src\\db.js","statementMap":{"0":{"start":{"line":5,"column":15},"end":{"line":32,"column":1}},"1":{"start":{"line":36,"column":21},"end":{"line":41,"column":3}},"2":{"start":{"line":42,"column":2},"end":{"line":48,"column":3}},"3":{"start":{"line":43,"column":4},"end":{"line":47,"column":5}},"4":{"start":{"line":44,"column":6},"end":{"line":44,"column":30}},"5":{"start":{"line":53,"column":27},"end":{"line":53,"column":72}},"6":{"start":{"line":54,"column":2},"end":{"line":57,"column":3}},"7":{"start":{"line":55,"column":4},"end":{"line":55,"column":73}},"8":{"start":{"line":56,"column":4},"end":{"line":56,"column":50}},"9":{"start":{"line":61,"column":15},"end":{"line":63,"column":3}},"10":{"start":{"line":64,"column":2},"end":{"line":73,"column":3}},"11":{"start":{"line":65,"column":16},"end":{"line":65,"column":51}},"12":{"start":{"line":66,"column":23},"end":{"line":66,"column":51}},"13":{"start":{"line":67,"column":4},"end":{"line":72,"column":6}},"14":{"start":{"line":69,"column":43},"end":{"line":69,"column":52}},"15":{"start":{"line":76,"column":16},"end":{"line":76,"column":20}},"16":{"start":{"line":78,"column":2},"end":{"line":85,"column":3}},"17":{"start":{"line":79,"column":4},"end":{"line":84,"column":7}},"18":{"start":{"line":80,"column":6},"end":{"line":80,"column":33}},"19":{"start":{"line":81,"column":6},"end":{"line":81,"column":24}},"20":{"start":{"line":82,"column":6},"end":{"line":82,"column":25}},"21":{"start":{"line":83,"column":6},"end":{"line":83,"column":16}},"22":{"start":{"line":86,"column":2},"end":{"line":86,"column":19}},"23":{"start":{"line":91,"column":2},"end":{"line":91,"column":16}},"24":{"start":{"line":97,"column":2},"end":{"line":97,"column":24}},"25":{"start":{"line":97,"column":12},"end":{"line":97,"column":24}},"26":{"start":{"line":98,"column":20},"end":{"line":98,"column":59}},"27":{"start":{"line":99,"column":2},"end":{"line":99,"column":34}},"28":{"start":{"line":99,"column":22},"end":{"line":99,"column":34}},"29":{"start":{"line":100,"column":2},"end":{"line":100,"column":31}},"30":{"start":{"line":106,"column":15},"end":{"line":106,"column":24}},"31":{"start":{"line":107,"column":2},"end":{"line":111,"column":3}},"32":{"start":{"line":108,"column":4},"end":{"line":108,"column":59}},"33":{"start":{"line":108,"column":50},"end":{"line":108,"column":59}},"34":{"start":{"line":109,"column":29},"end":{"line":109,"column":54}},"35":{"start":{"line":110,"column":4},"end":{"line":110,"column":56}},"36":{"start":{"line":110,"column":24},"end":{"line":110,"column":56}},"37":{"start":{"line":112,"column":2},"end":{"line":112,"column":28}},"38":{"start":{"line":116,"column":2},"end":{"line":120,"column":5}},"39":{"start":{"line":117,"column":14},"end":{"line":117,"column":38}},"40":{"start":{"line":118,"column":14},"end":{"line":118,"column":45}},"41":{"start":{"line":119,"column":4},"end":{"line":119,"column":26}},"42":{"start":{"line":126,"column":13},"end":{"line":126,"column":26}},"43":{"start":{"line":127,"column":17},"end":{"line":127,"column":23}},"44":{"start":{"line":128,"column":14},"end":{"line":128,"column":24}},"45":{"start":{"line":135,"column":6},"end":{"line":135,"column":22}},"46":{"start":{"line":136,"column":27},"end":{"line":136,"column":58}},"47":{"start":{"line":138,"column":2},"end":{"line":167,"column":5}},"48":{"start":{"line":139,"column":4},"end":{"line":151,"column":6}},"49":{"start":{"line":146,"column":49},"end":{"line":146,"column":58}},"50":{"start":{"line":153,"column":4},"end":{"line":166,"column":5}},"51":{"start":{"line":154,"column":18},"end":{"line":154,"column":46}},"52":{"start":{"line":155,"column":6},"end":{"line":165,"column":8}},"53":{"start":{"line":169,"column":2},"end":{"line":169,"column":16}},"54":{"start":{"line":173,"column":13},"end":{"line":173,"column":26}},"55":{"start":{"line":174,"column":14},"end":{"line":174,"column":24}},"56":{"start":{"line":175,"column":27},"end":{"line":175,"column":69}},"57":{"start":{"line":176,"column":2},"end":{"line":203,"column":5}},"58":{"start":{"line":177,"column":4},"end":{"line":187,"column":6}},"59":{"start":{"line":181,"column":49},"end":{"line":181,"column":58}},"60":{"start":{"line":188,"column":4},"end":{"line":188,"column":77}},"61":{"start":{"line":189,"column":4},"end":{"line":202,"column":5}},"62":{"start":{"line":190,"column":18},"end":{"line":190,"column":46}},"63":{"start":{"line":191,"column":6},"end":{"line":201,"column":8}},"64":{"start":{"line":207,"column":13},"end":{"line":207,"column":26}},"65":{"start":{"line":208,"column":2},"end":{"line":208,"column":58}},"66":{"start":{"line":212,"column":13},"end":{"line":212,"column":26}},"67":{"start":{"line":213,"column":2},"end":{"line":213,"column":80}},"68":{"start":{"line":217,"column":13},"end":{"line":217,"column":26}},"69":{"start":{"line":218,"column":2},"end":{"line":222,"column":4}},"70":{"start":{"line":228,"column":13},"end":{"line":228,"column":26}},"71":{"start":{"line":229,"column":14},"end":{"line":229,"column":76}},"72":{"start":{"line":230,"column":2},"end":{"line":230,"column":24}},"73":{"start":{"line":230,"column":12},"end":{"line":230,"column":24}},"74":{"start":{"line":231,"column":15},"end":{"line":231,"column":31}},"75":{"start":{"line":232,"column":16},"end":{"line":236,"column":3}},"76":{"start":{"line":237,"column":2},"end":{"line":247,"column":6}},"77":{"start":{"line":237,"column":40},"end":{"line":247,"column":3}},"78":{"start":{"line":248,"column":2},"end":{"line":248,"column":14}},"79":{"start":{"line":252,"column":13},"end":{"line":252,"column":26}},"80":{"start":{"line":253,"column":15},"end":{"line":259,"column":3}},"81":{"start":{"line":260,"column":2},"end":{"line":260,"column":31}},"82":{"start":{"line":264,"column":13},"end":{"line":264,"column":26}},"83":{"start":{"line":265,"column":15},"end":{"line":265,"column":27}},"84":{"start":{"line":266,"column":15},"end":{"line":277,"column":3}},"85":{"start":{"line":278,"column":2},"end":{"line":278,"column":31}},"86":{"start":{"line":282,"column":13},"end":{"line":282,"column":26}},"87":{"start":{"line":283,"column":2},"end":{"line":289,"column":4}},"88":{"start":{"line":299,"column":13},"end":{"line":299,"column":26}},"89":{"start":{"line":300,"column":21},"end":{"line":300,"column":23}},"90":{"start":{"line":301,"column":17},"end":{"line":301,"column":19}},"91":{"start":{"line":303,"column":2},"end":{"line":306,"column":3}},"92":{"start":{"line":304,"column":4},"end":{"line":304,"column":36}},"93":{"start":{"line":305,"column":4},"end":{"line":305,"column":24}},"94":{"start":{"line":307,"column":2},"end":{"line":314,"column":3}},"95":{"start":{"line":308,"column":15},"end":{"line":308,"column":38}},"96":{"start":{"line":309,"column":4},"end":{"line":313,"column":5}},"97":{"start":{"line":311,"column":6},"end":{"line":311,"column":68}},"98":{"start":{"line":312,"column":6},"end":{"line":312,"column":37}},"99":{"start":{"line":315,"column":2},"end":{"line":321,"column":3}},"100":{"start":{"line":316,"column":15},"end":{"line":316,"column":37}},"101":{"start":{"line":317,"column":4},"end":{"line":320,"column":5}},"102":{"start":{"line":318,"column":6},"end":{"line":318,"column":64}},"103":{"start":{"line":319,"column":6},"end":{"line":319,"column":37}},"104":{"start":{"line":324,"column":4},"end":{"line":324,"column":68}},"105":{"start":{"line":325,"column":15},"end":{"line":335,"column":3}},"106":{"start":{"line":336,"column":2},"end":{"line":350,"column":6}},"107":{"start":{"line":336,"column":26},"end":{"line":350,"column":3}},"108":{"start":{"line":354,"column":13},"end":{"line":354,"column":26}},"109":{"start":{"line":355,"column":17},"end":{"line":355,"column":35}},"110":{"start":{"line":356,"column":15},"end":{"line":356,"column":31}},"111":{"start":{"line":357,"column":2},"end":{"line":357,"column":48}},"112":{"start":{"line":357,"column":38},"end":{"line":357,"column":48}},"113":{"start":{"line":358,"column":15},"end":{"line":366,"column":3}},"114":{"start":{"line":367,"column":2},"end":{"line":367,"column":31}},"115":{"start":{"line":371,"column":13},"end":{"line":371,"column":26}},"116":{"start":{"line":373,"column":2},"end":{"line":386,"column":3}},"117":{"start":{"line":376,"column":20},"end":{"line":376,"column":65}},"118":{"start":{"line":377,"column":17},"end":{"line":384,"column":5}},"119":{"start":{"line":385,"column":4},"end":{"line":385,"column":33}},"120":{"start":{"line":388,"column":20},"end":{"line":391,"column":3}},"121":{"start":{"line":392,"column":17},"end":{"line":392,"column":35}},"122":{"start":{"line":393,"column":2},"end":{"line":393,"column":25}},"123":{"start":{"line":393,"column":15},"end":{"line":393,"column":25}},"124":{"start":{"line":394,"column":15},"end":{"line":394,"column":27}},"125":{"start":{"line":395,"column":15},"end":{"line":402,"column":3}},"126":{"start":{"line":403,"column":2},"end":{"line":403,"column":31}},"127":{"start":{"line":407,"column":13},"end":{"line":407,"column":26}},"128":{"start":{"line":408,"column":16},"end":{"line":408,"column":55}},"129":{"start":{"line":409,"column":15},"end":{"line":416,"column":3}},"130":{"start":{"line":417,"column":2},"end":{"line":417,"column":31}},"131":{"start":{"line":421,"column":13},"end":{"line":421,"column":26}},"132":{"start":{"line":422,"column":2},"end":{"line":422,"column":80}},"133":{"start":{"line":426,"column":13},"end":{"line":426,"column":26}},"134":{"start":{"line":427,"column":14},"end":{"line":430,"column":3}},"135":{"start":{"line":431,"column":2},"end":{"line":431,"column":24}},"136":{"start":{"line":431,"column":12},"end":{"line":431,"column":24}},"137":{"start":{"line":432,"column":2},"end":{"line":432,"column":65}},"138":{"start":{"line":433,"column":2},"end":{"line":433,"column":39}},"139":{"start":{"line":439,"column":19},"end":{"line":439,"column":54}},"140":{"start":{"line":440,"column":2},"end":{"line":452,"column":4}}},"fnMap":{"0":{"name":"migrate","decl":{"start":{"line":35,"column":15},"end":{"line":35,"column":22}},"loc":{"start":{"line":35,"column":27},"end":{"line":58,"column":1}},"line":35},"1":{"name":"backfill","decl":{"start":{"line":60,"column":22},"end":{"line":60,"column":30}},"loc":{"start":{"line":60,"column":35},"end":{"line":74,"column":1}},"line":60},"2":{"name":"(anonymous_2)","decl":{"start":{"line":69,"column":36},"end":{"line":69,"column":37}},"loc":{"start":{"line":69,"column":43},"end":{"line":69,"column":52}},"line":69},"3":{"name":"getDb","decl":{"start":{"line":77,"column":9},"end":{"line":77,"column":14}},"loc":{"start":{"line":77,"column":17},"end":{"line":87,"column":1}},"line":77},"4":{"name":"(anonymous_4)","decl":{"start":{"line":79,"column":65},"end":{"line":79,"column":66}},"loc":{"start":{"line":79,"column":79},"end":{"line":84,"column":5}},"line":79},"5":{"name":"initDb","decl":{"start":{"line":90,"column":22},"end":{"line":90,"column":28}},"loc":{"start":{"line":90,"column":31},"end":{"line":92,"column":1}},"line":90},"6":{"name":"parseDueDate","decl":{"start":{"line":96,"column":16},"end":{"line":96,"column":28}},"loc":{"start":{"line":96,"column":34},"end":{"line":101,"column":1}},"line":96},"7":{"name":"normalizeAndDedupeNames","decl":{"start":{"line":105,"column":16},"end":{"line":105,"column":39}},"loc":{"start":{"line":105,"column":50},"end":{"line":113,"column":1}},"line":105},"8":{"name":"uuid","decl":{"start":{"line":115,"column":9},"end":{"line":115,"column":13}},"loc":{"start":{"line":115,"column":16},"end":{"line":121,"column":1}},"line":115},"9":{"name":"(anonymous_9)","decl":{"start":{"line":116,"column":65},"end":{"line":116,"column":66}},"loc":{"start":{"line":116,"column":72},"end":{"line":120,"column":3}},"line":116},"10":{"name":"saveNote","decl":{"start":{"line":125,"column":22},"end":{"line":125,"column":30}},"loc":{"start":{"line":125,"column":55},"end":{"line":170,"column":1}},"line":125},"11":{"name":"(anonymous_11)","decl":{"start":{"line":138,"column":32},"end":{"line":138,"column":33}},"loc":{"start":{"line":138,"column":44},"end":{"line":167,"column":3}},"line":138},"12":{"name":"(anonymous_12)","decl":{"start":{"line":146,"column":42},"end":{"line":146,"column":43}},"loc":{"start":{"line":146,"column":49},"end":{"line":146,"column":58}},"line":146},"13":{"name":"updateNote","decl":{"start":{"line":172,"column":22},"end":{"line":172,"column":32}},"loc":{"start":{"line":172,"column":39},"end":{"line":204,"column":1}},"line":172},"14":{"name":"(anonymous_14)","decl":{"start":{"line":176,"column":32},"end":{"line":176,"column":33}},"loc":{"start":{"line":176,"column":44},"end":{"line":203,"column":3}},"line":176},"15":{"name":"(anonymous_15)","decl":{"start":{"line":181,"column":42},"end":{"line":181,"column":43}},"loc":{"start":{"line":181,"column":49},"end":{"line":181,"column":58}},"line":181},"16":{"name":"deleteNote","decl":{"start":{"line":206,"column":22},"end":{"line":206,"column":32}},"loc":{"start":{"line":206,"column":37},"end":{"line":209,"column":1}},"line":206},"17":{"name":"completeActionItem","decl":{"start":{"line":211,"column":22},"end":{"line":211,"column":40}},"loc":{"start":{"line":211,"column":45},"end":{"line":214,"column":1}},"line":211},"18":{"name":"setActionCalendarEvent","decl":{"start":{"line":216,"column":22},"end":{"line":216,"column":44}},"loc":{"start":{"line":216,"column":66},"end":{"line":223,"column":1}},"line":216},"19":{"name":"getNote","decl":{"start":{"line":227,"column":22},"end":{"line":227,"column":29}},"loc":{"start":{"line":227,"column":34},"end":{"line":249,"column":1}},"line":227},"20":{"name":"(anonymous_20)","decl":{"start":{"line":237,"column":32},"end":{"line":237,"column":33}},"loc":{"start":{"line":237,"column":40},"end":{"line":247,"column":3}},"line":237},"21":{"name":"getRecentNotes","decl":{"start":{"line":251,"column":22},"end":{"line":251,"column":36}},"loc":{"start":{"line":251,"column":49},"end":{"line":261,"column":1}},"line":251},"22":{"name":"searchNotes","decl":{"start":{"line":263,"column":22},"end":{"line":263,"column":33}},"loc":{"start":{"line":263,"column":53},"end":{"line":279,"column":1}},"line":263},"23":{"name":"getOpenActionItems","decl":{"start":{"line":281,"column":22},"end":{"line":281,"column":40}},"loc":{"start":{"line":281,"column":53},"end":{"line":290,"column":1}},"line":281},"24":{"name":"getActionItemsFiltered","decl":{"start":{"line":294,"column":22},"end":{"line":294,"column":44}},"loc":{"start":{"line":298,"column":8},"end":{"line":351,"column":1}},"line":298},"25":{"name":"(anonymous_25)","decl":{"start":{"line":336,"column":18},"end":{"line":336,"column":19}},"loc":{"start":{"line":336,"column":26},"end":{"line":350,"column":3}},"line":336},"26":{"name":"getNotesByDateRange","decl":{"start":{"line":353,"column":22},"end":{"line":353,"column":41}},"loc":{"start":{"line":353,"column":52},"end":{"line":368,"column":1}},"line":353},"27":{"name":"getNotesByTag","decl":{"start":{"line":370,"column":22},"end":{"line":370,"column":35}},"loc":{"start":{"line":370,"column":52},"end":{"line":404,"column":1}},"line":370},"28":{"name":"getRecentNotesByDays","decl":{"start":{"line":406,"column":22},"end":{"line":406,"column":42}},"loc":{"start":{"line":406,"column":53},"end":{"line":418,"column":1}},"line":406},"29":{"name":"reopenActionItem","decl":{"start":{"line":420,"column":22},"end":{"line":420,"column":38}},"loc":{"start":{"line":420,"column":43},"end":{"line":423,"column":1}},"line":420},"30":{"name":"deleteActionItem","decl":{"start":{"line":425,"column":22},"end":{"line":425,"column":38}},"loc":{"start":{"line":425,"column":43},"end":{"line":434,"column":1}},"line":425},"31":{"name":"hydrateNote","decl":{"start":{"line":438,"column":16},"end":{"line":438,"column":27}},"loc":{"start":{"line":438,"column":33},"end":{"line":453,"column":1}},"line":438}},"branchMap":{"0":{"loc":{"start":{"line":54,"column":2},"end":{"line":57,"column":3}},"type":"if","locations":[{"start":{"line":54,"column":2},"end":{"line":57,"column":3}},{"start":{},"end":{}}],"line":54},"1":{"loc":{"start":{"line":65,"column":27},"end":{"line":65,"column":50}},"type":"binary-expr","locations":[{"start":{"line":65,"column":27},"end":{"line":65,"column":42}},{"start":{"line":65,"column":46},"end":{"line":65,"column":50}}],"line":65},"2":{"loc":{"start":{"line":78,"column":2},"end":{"line":85,"column":3}},"type":"if","locations":[{"start":{"line":78,"column":2},"end":{"line":85,"column":3}},{"start":{},"end":{}}],"line":78},"3":{"loc":{"start":{"line":97,"column":2},"end":{"line":97,"column":24}},"type":"if","locations":[{"start":{"line":97,"column":2},"end":{"line":97,"column":24}},{"start":{},"end":{}}],"line":97},"4":{"loc":{"start":{"line":99,"column":2},"end":{"line":99,"column":34}},"type":"if","locations":[{"start":{"line":99,"column":2},"end":{"line":99,"column":34}},{"start":{},"end":{}}],"line":99},"5":{"loc":{"start":{"line":99,"column":6},"end":{"line":99,"column":20}},"type":"binary-expr","locations":[{"start":{"line":99,"column":6},"end":{"line":99,"column":8}},{"start":{"line":99,"column":12},"end":{"line":99,"column":14}},{"start":{"line":99,"column":18},"end":{"line":99,"column":20}}],"line":99},"6":{"loc":{"start":{"line":108,"column":4},"end":{"line":108,"column":59}},"type":"if","locations":[{"start":{"line":108,"column":4},"end":{"line":108,"column":59}},{"start":{},"end":{}}],"line":108},"7":{"loc":{"start":{"line":108,"column":8},"end":{"line":108,"column":48}},"type":"binary-expr","locations":[{"start":{"line":108,"column":8},"end":{"line":108,"column":32}},{"start":{"line":108,"column":36},"end":{"line":108,"column":48}}],"line":108},"8":{"loc":{"start":{"line":110,"column":4},"end":{"line":110,"column":56}},"type":"if","locations":[{"start":{"line":110,"column":4},"end":{"line":110,"column":56}},{"start":{},"end":{}}],"line":110},"9":{"loc":{"start":{"line":118,"column":14},"end":{"line":118,"column":45}},"type":"cond-expr","locations":[{"start":{"line":118,"column":26},"end":{"line":118,"column":27}},{"start":{"line":118,"column":30},"end":{"line":118,"column":45}}],"line":118},"10":{"loc":{"start":{"line":130,"column":4},"end":{"line":130,"column":16}},"type":"default-arg","locations":[{"start":{"line":130,"column":14},"end":{"line":130,"column":16}}],"line":130},"11":{"loc":{"start":{"line":131,"column":4},"end":{"line":131,"column":15}},"type":"default-arg","locations":[{"start":{"line":131,"column":13},"end":{"line":131,"column":15}}],"line":131},"12":{"loc":{"start":{"line":132,"column":4},"end":{"line":132,"column":17}},"type":"default-arg","locations":[{"start":{"line":132,"column":15},"end":{"line":132,"column":17}}],"line":132},"13":{"loc":{"start":{"line":133,"column":4},"end":{"line":133,"column":18}},"type":"default-arg","locations":[{"start":{"line":133,"column":16},"end":{"line":133,"column":18}}],"line":133},"14":{"loc":{"start":{"line":134,"column":4},"end":{"line":134,"column":21}},"type":"default-arg","locations":[{"start":{"line":134,"column":19},"end":{"line":134,"column":21}}],"line":134},"15":{"loc":{"start":{"line":135,"column":6},"end":{"line":135,"column":22}},"type":"binary-expr","locations":[{"start":{"line":135,"column":6},"end":{"line":135,"column":16}},{"start":{"line":135,"column":20},"end":{"line":135,"column":22}}],"line":135},"16":{"loc":{"start":{"line":144,"column":6},"end":{"line":144,"column":22}},"type":"binary-expr","locations":[{"start":{"line":144,"column":6},"end":{"line":144,"column":16}},{"start":{"line":144,"column":20},"end":{"line":144,"column":22}}],"line":144},"17":{"loc":{"start":{"line":160,"column":8},"end":{"line":160,"column":23}},"type":"binary-expr","locations":[{"start":{"line":160,"column":8},"end":{"line":160,"column":17}},{"start":{"line":160,"column":21},"end":{"line":160,"column":23}}],"line":160},"18":{"loc":{"start":{"line":161,"column":8},"end":{"line":161,"column":41}},"type":"cond-expr","locations":[{"start":{"line":161,"column":31},"end":{"line":161,"column":34}},{"start":{"line":161,"column":37},"end":{"line":161,"column":41}}],"line":161},"19":{"loc":{"start":{"line":162,"column":8},"end":{"line":162,"column":29}},"type":"binary-expr","locations":[{"start":{"line":162,"column":8},"end":{"line":162,"column":21}},{"start":{"line":162,"column":25},"end":{"line":162,"column":29}}],"line":162},"20":{"loc":{"start":{"line":163,"column":8},"end":{"line":163,"column":38}},"type":"cond-expr","locations":[{"start":{"line":163,"column":33},"end":{"line":163,"column":34}},{"start":{"line":163,"column":37},"end":{"line":163,"column":38}}],"line":163},"21":{"loc":{"start":{"line":175,"column":51},"end":{"line":175,"column":68}},"type":"binary-expr","locations":[{"start":{"line":175,"column":51},"end":{"line":175,"column":62}},{"start":{"line":175,"column":66},"end":{"line":175,"column":68}}],"line":175},"22":{"loc":{"start":{"line":179,"column":6},"end":{"line":179,"column":27}},"type":"binary-expr","locations":[{"start":{"line":179,"column":6},"end":{"line":179,"column":21}},{"start":{"line":179,"column":25},"end":{"line":179,"column":27}}],"line":179},"23":{"loc":{"start":{"line":180,"column":6},"end":{"line":180,"column":24}},"type":"binary-expr","locations":[{"start":{"line":180,"column":6},"end":{"line":180,"column":18}},{"start":{"line":180,"column":22},"end":{"line":180,"column":24}}],"line":180},"24":{"loc":{"start":{"line":182,"column":21},"end":{"line":182,"column":38}},"type":"binary-expr","locations":[{"start":{"line":182,"column":21},"end":{"line":182,"column":32}},{"start":{"line":182,"column":36},"end":{"line":182,"column":38}}],"line":182},"25":{"loc":{"start":{"line":183,"column":21},"end":{"line":183,"column":41}},"type":"binary-expr","locations":[{"start":{"line":183,"column":21},"end":{"line":183,"column":35}},{"start":{"line":183,"column":39},"end":{"line":183,"column":41}}],"line":183},"26":{"loc":{"start":{"line":184,"column":21},"end":{"line":184,"column":41}},"type":"binary-expr","locations":[{"start":{"line":184,"column":21},"end":{"line":184,"column":35}},{"start":{"line":184,"column":39},"end":{"line":184,"column":41}}],"line":184},"27":{"loc":{"start":{"line":189,"column":23},"end":{"line":189,"column":46}},"type":"binary-expr","locations":[{"start":{"line":189,"column":23},"end":{"line":189,"column":40}},{"start":{"line":189,"column":44},"end":{"line":189,"column":46}}],"line":189},"28":{"loc":{"start":{"line":196,"column":8},"end":{"line":196,"column":23}},"type":"binary-expr","locations":[{"start":{"line":196,"column":8},"end":{"line":196,"column":17}},{"start":{"line":196,"column":21},"end":{"line":196,"column":23}}],"line":196},"29":{"loc":{"start":{"line":197,"column":8},"end":{"line":197,"column":41}},"type":"cond-expr","locations":[{"start":{"line":197,"column":31},"end":{"line":197,"column":34}},{"start":{"line":197,"column":37},"end":{"line":197,"column":41}}],"line":197},"30":{"loc":{"start":{"line":198,"column":8},"end":{"line":198,"column":29}},"type":"binary-expr","locations":[{"start":{"line":198,"column":8},"end":{"line":198,"column":21}},{"start":{"line":198,"column":25},"end":{"line":198,"column":29}}],"line":198},"31":{"loc":{"start":{"line":199,"column":8},"end":{"line":199,"column":38}},"type":"cond-expr","locations":[{"start":{"line":199,"column":33},"end":{"line":199,"column":34}},{"start":{"line":199,"column":37},"end":{"line":199,"column":38}}],"line":199},"32":{"loc":{"start":{"line":230,"column":2},"end":{"line":230,"column":24}},"type":"if","locations":[{"start":{"line":230,"column":2},"end":{"line":230,"column":24}},{"start":{},"end":{}}],"line":230},"33":{"loc":{"start":{"line":240,"column":14},"end":{"line":242,"column":12}},"type":"cond-expr","locations":[{"start":{"line":241,"column":8},"end":{"line":241,"column":55}},{"start":{"line":242,"column":8},"end":{"line":242,"column":12}}],"line":240},"34":{"loc":{"start":{"line":243,"column":14},"end":{"line":243,"column":32}},"type":"binary-expr","locations":[{"start":{"line":243,"column":14},"end":{"line":243,"column":24}},{"start":{"line":243,"column":28},"end":{"line":243,"column":32}}],"line":243},"35":{"loc":{"start":{"line":246,"column":23},"end":{"line":246,"column":50}},"type":"binary-expr","locations":[{"start":{"line":246,"column":23},"end":{"line":246,"column":42}},{"start":{"line":246,"column":46},"end":{"line":246,"column":50}}],"line":246},"36":{"loc":{"start":{"line":251,"column":37},"end":{"line":251,"column":47}},"type":"default-arg","locations":[{"start":{"line":251,"column":45},"end":{"line":251,"column":47}}],"line":251},"37":{"loc":{"start":{"line":263,"column":41},"end":{"line":263,"column":51}},"type":"default-arg","locations":[{"start":{"line":263,"column":49},"end":{"line":263,"column":51}}],"line":263},"38":{"loc":{"start":{"line":281,"column":41},"end":{"line":281,"column":51}},"type":"default-arg","locations":[{"start":{"line":281,"column":49},"end":{"line":281,"column":51}}],"line":281},"39":{"loc":{"start":{"line":294,"column":45},"end":{"line":298,"column":6}},"type":"default-arg","locations":[{"start":{"line":298,"column":4},"end":{"line":298,"column":6}}],"line":294},"40":{"loc":{"start":{"line":303,"column":2},"end":{"line":306,"column":3}},"type":"if","locations":[{"start":{"line":303,"column":2},"end":{"line":306,"column":3}},{"start":{},"end":{}}],"line":303},"41":{"loc":{"start":{"line":307,"column":2},"end":{"line":314,"column":3}},"type":"if","locations":[{"start":{"line":307,"column":2},"end":{"line":314,"column":3}},{"start":{},"end":{}}],"line":307},"42":{"loc":{"start":{"line":309,"column":4},"end":{"line":313,"column":5}},"type":"if","locations":[{"start":{"line":309,"column":4},"end":{"line":313,"column":5}},{"start":{},"end":{}}],"line":309},"43":{"loc":{"start":{"line":315,"column":2},"end":{"line":321,"column":3}},"type":"if","locations":[{"start":{"line":315,"column":2},"end":{"line":321,"column":3}},{"start":{},"end":{}}],"line":315},"44":{"loc":{"start":{"line":317,"column":4},"end":{"line":320,"column":5}},"type":"if","locations":[{"start":{"line":317,"column":4},"end":{"line":320,"column":5}},{"start":{},"end":{}}],"line":317},"45":{"loc":{"start":{"line":324,"column":4},"end":{"line":324,"column":68}},"type":"cond-expr","locations":[{"start":{"line":324,"column":28},"end":{"line":324,"column":63}},{"start":{"line":324,"column":66},"end":{"line":324,"column":68}}],"line":324},"46":{"loc":{"start":{"line":340,"column":13},"end":{"line":342,"column":12}},"type":"cond-expr","locations":[{"start":{"line":341,"column":8},"end":{"line":341,"column":55}},{"start":{"line":342,"column":8},"end":{"line":342,"column":12}}],"line":340},"47":{"loc":{"start":{"line":343,"column":13},"end":{"line":343,"column":31}},"type":"binary-expr","locations":[{"start":{"line":343,"column":13},"end":{"line":343,"column":23}},{"start":{"line":343,"column":27},"end":{"line":343,"column":31}}],"line":343},"48":{"loc":{"start":{"line":346,"column":21},"end":{"line":346,"column":48}},"type":"binary-expr","locations":[{"start":{"line":346,"column":21},"end":{"line":346,"column":40}},{"start":{"line":346,"column":44},"end":{"line":346,"column":48}}],"line":346},"49":{"loc":{"start":{"line":348,"column":17},"end":{"line":348,"column":37}},"type":"binary-expr","locations":[{"start":{"line":348,"column":17},"end":{"line":348,"column":31}},{"start":{"line":348,"column":35},"end":{"line":348,"column":37}}],"line":348},"50":{"loc":{"start":{"line":349,"column":27},"end":{"line":349,"column":48}},"type":"binary-expr","locations":[{"start":{"line":349,"column":27},"end":{"line":349,"column":40}},{"start":{"line":349,"column":44},"end":{"line":349,"column":48}}],"line":349},"51":{"loc":{"start":{"line":357,"column":2},"end":{"line":357,"column":48}},"type":"if","locations":[{"start":{"line":357,"column":2},"end":{"line":357,"column":48}},{"start":{},"end":{}}],"line":357},"52":{"loc":{"start":{"line":357,"column":6},"end":{"line":357,"column":36}},"type":"binary-expr","locations":[{"start":{"line":357,"column":6},"end":{"line":357,"column":20}},{"start":{"line":357,"column":24},"end":{"line":357,"column":36}}],"line":357},"53":{"loc":{"start":{"line":373,"column":2},"end":{"line":386,"column":3}},"type":"if","locations":[{"start":{"line":373,"column":2},"end":{"line":386,"column":3}},{"start":{},"end":{}}],"line":373},"54":{"loc":{"start":{"line":393,"column":2},"end":{"line":393,"column":25}},"type":"if","locations":[{"start":{"line":393,"column":2},"end":{"line":393,"column":25}},{"start":{},"end":{}}],"line":393},"55":{"loc":{"start":{"line":406,"column":43},"end":{"line":406,"column":51}},"type":"default-arg","locations":[{"start":{"line":406,"column":50},"end":{"line":406,"column":51}}],"line":406},"56":{"loc":{"start":{"line":431,"column":2},"end":{"line":431,"column":24}},"type":"if","locations":[{"start":{"line":431,"column":2},"end":{"line":431,"column":24}},{"start":{},"end":{}}],"line":431},"57":{"loc":{"start":{"line":433,"column":9},"end":{"line":433,"column":38}},"type":"binary-expr","locations":[{"start":{"line":433,"column":9},"end":{"line":433,"column":30}},{"start":{"line":433,"column":34},"end":{"line":433,"column":38}}],"line":433},"58":{"loc":{"start":{"line":439,"column":30},"end":{"line":439,"column":53}},"type":"binary-expr","locations":[{"start":{"line":439,"column":30},"end":{"line":439,"column":45}},{"start":{"line":439,"column":49},"end":{"line":439,"column":53}}],"line":439},"59":{"loc":{"start":{"line":445,"column":23},"end":{"line":445,"column":46}},"type":"binary-expr","locations":[{"start":{"line":445,"column":23},"end":{"line":445,"column":38}},{"start":{"line":445,"column":42},"end":{"line":445,"column":46}}],"line":445},"60":{"loc":{"start":{"line":448,"column":26},"end":{"line":448,"column":52}},"type":"binary-expr","locations":[{"start":{"line":448,"column":26},"end":{"line":448,"column":44}},{"start":{"line":448,"column":48},"end":{"line":448,"column":52}}],"line":448},"61":{"loc":{"start":{"line":449,"column":26},"end":{"line":449,"column":52}},"type":"binary-expr","locations":[{"start":{"line":449,"column":26},"end":{"line":449,"column":44}},{"start":{"line":449,"column":48},"end":{"line":449,"column":52}}],"line":449},"62":{"loc":{"start":{"line":451,"column":21},"end":{"line":451,"column":40}},"type":"binary-expr","locations":[{"start":{"line":451,"column":21},"end":{"line":451,"column":35}},{"start":{"line":451,"column":39},"end":{"line":451,"column":40}}],"line":451}},"s":{"0":5,"1":1,"2":1,"3":4,"4":4,"5":1,"6":1,"7":1,"8":1,"9":4,"10":4,"11":2,"12":2,"13":2,"14":2,"15":5,"16":4,"17":1,"18":1,"19":1,"20":1,"21":1,"22":4,"23":0,"24":10,"25":3,"26":7,"27":7,"28":1,"29":6,"30":7,"31":7,"32":10,"33":0,"34":10,"35":10,"36":7,"37":7,"38":3,"39":93,"40":93,"41":93,"42":3,"43":3,"44":3,"45":3,"46":3,"47":3,"48":3,"49":3,"50":3,"51":0,"52":0,"53":3,"54":0,"55":0,"56":0,"57":0,"58":0,"59":0,"60":0,"61":0,"62":0,"63":0,"64":0,"65":0,"66":0,"67":0,"68":0,"69":0,"70":0,"71":0,"72":0,"73":0,"74":0,"75":0,"76":0,"77":0,"78":0,"79":0,"80":0,"81":0,"82":0,"83":0,"84":0,"85":0,"86":0,"87":0,"88":0,"89":0,"90":0,"91":0,"92":0,"93":0,"94":0,"95":0,"96":0,"97":0,"98":0,"99":0,"100":0,"101":0,"102":0,"103":0,"104":0,"105":0,"106":0,"107":0,"108":0,"109":0,"110":0,"111":0,"112":0,"113":0,"114":0,"115":1,"116":1,"117":1,"118":1,"119":1,"120":0,"121":0,"122":0,"123":0,"124":0,"125":0,"126":0,"127":0,"128":0,"129":0,"130":0,"131":0,"132":0,"133":0,"134":0,"135":0,"136":0,"137":0,"138":0,"139":11,"140":11},"f":{"0":1,"1":4,"2":2,"3":4,"4":1,"5":0,"6":10,"7":7,"8":3,"9":93,"10":3,"11":3,"12":3,"13":0,"14":0,"15":0,"16":0,"17":0,"18":0,"19":0,"20":0,"21":0,"22":0,"23":0,"24":0,"25":0,"26":0,"27":1,"28":0,"29":0,"30":0,"31":11},"b":{"0":[1,0],"1":[2,0],"2":[1,3],"3":[3,7],"4":[1,6],"5":[7,6,6],"6":[0,10],"7":[10,10],"8":[7,3],"9":[90,3],"10":[0],"11":[0],"12":[0],"13":[0],"14":[0],"15":[3,0],"16":[3,0],"17":[0,0],"18":[0,0],"19":[0,0],"20":[0,0],"21":[0,0],"22":[0,0],"23":[0,0],"24":[0,0],"25":[0,0],"26":[0,0],"27":[0,0],"28":[0,0],"29":[0,0],"30":[0,0],"31":[0,0],"32":[0,0],"33":[0,0],"34":[0,0],"35":[0,0],"36":[0],"37":[0],"38":[0],"39":[0],"40":[0,0],"41":[0,0],"42":[0,0],"43":[0,0],"44":[0,0],"45":[0,0],"46":[0,0],"47":[0,0],"48":[0,0],"49":[0,0],"50":[0,0],"51":[0,0],"52":[0,0],"53":[1,0],"54":[0,0],"55":[0],"56":[0,0],"57":[0,0],"58":[11,1],"59":[11,1],"60":[11,1],"61":[11,1],"62":[11,1]},"_coverageSchema":"1a1c01bbd47fc00a2c39e90264f33305004495a9","hash":"28c645d961846e103d3a5b8927bd986bd07fff57"}
,"C:\\Users\\iosif\\Documents\\coding-projects\\voicenote\\src\\normalizeName.ts": {"path":"C:\\Users\\iosif\\Documents\\coding-projects\\voicenote\\src\\normalizeName.ts","statementMap":{"0":{"start":{"line":8,"column":19},"end":{"line":36,"column":2}},"1":{"start":{"line":39,"column":2},"end":{"line":39,"column":52}},"2":{"start":{"line":44,"column":2},"end":{"line":44,"column":61}},"3":{"start":{"line":50,"column":17},"end":{"line":50,"column":31}},"4":{"start":{"line":51,"column":2},"end":{"line":51,"column":34}},"5":{"start":{"line":51,"column":25},"end":{"line":51,"column":34}},"6":{"start":{"line":52,"column":19},"end":{"line":52,"column":55}},"7":{"start":{"line":53,"column":2},"end":{"line":53,"column":66}},"8":{"start":{"line":57,"column":18},"end":{"line":57,"column":49}},"9":{"start":{"line":58,"column":18},"end":{"line":58,"column":41}},"10":{"start":{"line":59,"column":2},"end":{"line":59,"column":42}}},"fnMap":{"0":{"name":"stripDiacritics","decl":{"start":{"line":38,"column":9},"end":{"line":38,"column":24}},"loc":{"start":{"line":38,"column":44},"end":{"line":40,"column":1}},"line":38},"1":{"name":"toKey","decl":{"start":{"line":43,"column":9},"end":{"line":43,"column":14}},"loc":{"start":{"line":43,"column":34},"end":{"line":45,"column":1}},"line":43},"2":{"name":"stripHonorific","decl":{"start":{"line":49,"column":9},"end":{"line":49,"column":23}},"loc":{"start":{"line":49,"column":43},"end":{"line":54,"column":1}},"line":49},"3":{"name":"normalizePersonName","decl":{"start":{"line":56,"column":16},"end":{"line":56,"column":35}},"loc":{"start":{"line":56,"column":65},"end":{"line":60,"column":1}},"line":56}},"branchMap":{"0":{"loc":{"start":{"line":51,"column":2},"end":{"line":51,"column":34}},"type":"if","locations":[{"start":{"line":51,"column":2},"end":{"line":51,"column":34}},{"start":{},"end":{}}],"line":51},"1":{"loc":{"start":{"line":53,"column":9},"end":{"line":53,"column":65}},"type":"cond-expr","locations":[{"start":{"line":53,"column":36},"end":{"line":53,"column":61}},{"start":{"line":53,"column":64},"end":{"line":53,"column":65}}],"line":53}},"s":{"0":6,"1":70,"2":70,"3":46,"4":46,"5":22,"6":24,"7":24,"8":46,"9":46,"10":46},"f":{"0":70,"1":70,"2":46,"3":46},"b":{"0":[22,24],"1":[22,2]},"_coverageSchema":"1a1c01bbd47fc00a2c39e90264f33305004495a9","hash":"62fa56b0e3d60f18ad1a1e114fa9f38c9508e8fa"}
,"C:\\Users\\iosif\\Documents\\coding-projects\\voicenote\\src\\lib\\dateAnchor.ts": {"path":"C:\\Users\\iosif\\Documents\\coding-projects\\voicenote\\src\\lib\\dateAnchor.ts","statementMap":{"0":{"start":{"line":1,"column":13},"end":{"line":1,"column":91}},"1":{"start":{"line":12,"column":14},"end":{"line":12,"column":87}},"2":{"start":{"line":13,"column":18},"end":{"line":13,"column":97}},"3":{"start":{"line":15,"column":20},"end":{"line":15,"column":59}},"4":{"start":{"line":16,"column":19},"end":{"line":16,"column":50}},"5":{"start":{"line":17,"column":16},"end":{"line":17,"column":36}},"6":{"start":{"line":18,"column":23},"end":{"line":18,"column":50}},"7":{"start":{"line":19,"column":17},"end":{"line":19,"column":63}},"8":{"start":{"line":21,"column":25},"end":{"line":21,"column":27}},"9":{"start":{"line":22,"column":2},"end":{"line":31,"column":3}},"10":{"start":{"line":22,"column":18},"end":{"line":22,"column":19}},"11":{"start":{"line":23,"column":4},"end":{"line":23,"column":56}},"12":{"start":{"line":24,"column":4},"end":{"line":30,"column":5}},"13":{"start":{"line":24,"column":17},"end":{"line":24,"column":18}},"14":{"start":{"line":25,"column":18},"end":{"line":25,"column":119}},"15":{"start":{"line":26,"column":22},"end":{"line":26,"column":52}},"16":{"start":{"line":27,"column":22},"end":{"line":27,"column":43}},"17":{"start":{"line":28,"column":21},"end":{"line":28,"column":87}},"18":{"start":{"line":29,"column":6},"end":{"line":29,"column":53}},"19":{"start":{"line":33,"column":2},"end":{"line":33,"column":58}}},"fnMap":{"0":{"name":"buildAnchor","decl":{"start":{"line":7,"column":16},"end":{"line":7,"column":27}},"loc":{"start":{"line":11,"column":2},"end":{"line":34,"column":1}},"line":11}},"branchMap":{"0":{"loc":{"start":{"line":7,"column":28},"end":{"line":7,"column":50}},"type":"default-arg","locations":[{"start":{"line":7,"column":40},"end":{"line":7,"column":50}}],"line":7},"1":{"loc":{"start":{"line":18,"column":23},"end":{"line":18,"column":50}},"type":"cond-expr","locations":[{"start":{"line":18,"column":37},"end":{"line":18,"column":38}},{"start":{"line":18,"column":41},"end":{"line":18,"column":50}}],"line":18},"2":{"loc":{"start":{"line":23,"column":14},"end":{"line":23,"column":54}},"type":"cond-expr","locations":[{"start":{"line":23,"column":27},"end":{"line":23,"column":39}},{"start":{"line":23,"column":42},"end":{"line":23,"column":54}}],"line":23},"3":{"loc":{"start":{"line":28,"column":21},"end":{"line":28,"column":87}},"type":"cond-expr","locations":[{"start":{"line":28,"column":71},"end":{"line":28,"column":82}},{"start":{"line":28,"column":85},"end":{"line":28,"column":87}}],"line":28}},"s":{"0":1,"1":8,"2":8,"3":8,"4":8,"5":8,"6":8,"7":8,"8":8,"9":8,"10":8,"11":16,"12":16,"13":16,"14":112,"15":112,"16":112,"17":112,"18":112,"19":8},"f":{"0":8},"b":{"0":[1],"1":[0,8],"2":[8,8],"3":[8,104]},"_coverageSchema":"1a1c01bbd47fc00a2c39e90264f33305004495a9","hash":"27a9813663daa65f8f69c30c19c09fa05cf21e05"}
,"C:\\Users\\iosif\\Documents\\coding-projects\\voicenote\\src\\lib\\dateFormat.ts": {"path":"C:\\Users\\iosif\\Documents\\coding-projects\\voicenote\\src\\lib\\dateFormat.ts","statementMap":{"0":{"start":{"line":1,"column":21},"end":{"line":4,"column":1}},"1":{"start":{"line":7,"column":12},"end":{"line":7,"column":31}},"2":{"start":{"line":8,"column":14},"end":{"line":8,"column":25}},"3":{"start":{"line":9,"column":16},"end":{"line":9,"column":42}},"4":{"start":{"line":10,"column":15},"end":{"line":10,"column":30}},"5":{"start":{"line":11,"column":14},"end":{"line":11,"column":24}},"6":{"start":{"line":12,"column":2},"end":{"line":14,"column":3}},"7":{"start":{"line":13,"column":4},"end":{"line":13,"column":29}},"8":{"start":{"line":15,"column":2},"end":{"line":15,"column":35}},"9":{"start":{"line":19,"column":12},"end":{"line":19,"column":31}},"10":{"start":{"line":20,"column":14},"end":{"line":20,"column":25}},"11":{"start":{"line":21,"column":16},"end":{"line":21,"column":42}},"12":{"start":{"line":22,"column":12},"end":{"line":22,"column":49}},"13":{"start":{"line":23,"column":12},"end":{"line":23,"column":51}},"14":{"start":{"line":24,"column":2},"end":{"line":24,"column":38}}},"fnMap":{"0":{"name":"formatDate","decl":{"start":{"line":6,"column":16},"end":{"line":6,"column":26}},"loc":{"start":{"line":6,"column":54},"end":{"line":16,"column":1}},"line":6},"1":{"name":"formatDateTime","decl":{"start":{"line":18,"column":16},"end":{"line":18,"column":30}},"loc":{"start":{"line":18,"column":58},"end":{"line":25,"column":1}},"line":18}},"branchMap":{"0":{"loc":{"start":{"line":12,"column":2},"end":{"line":14,"column":3}},"type":"if","locations":[{"start":{"line":12,"column":2},"end":{"line":14,"column":3}},{"start":{},"end":{}}],"line":12}},"s":{"0":1,"1":14,"2":14,"3":14,"4":14,"5":14,"6":14,"7":1,"8":13,"9":3,"10":3,"11":3,"12":3,"13":3,"14":3},"f":{"0":14,"1":3},"b":{"0":[1,13]},"_coverageSchema":"1a1c01bbd47fc00a2c39e90264f33305004495a9","hash":"616344ec1888897d72e9465f4073d504f09aeb8b"}
,"C:\\Users\\iosif\\Documents\\coding-projects\\voicenote\\src\\types\\note.ts": {"path":"C:\\Users\\iosif\\Documents\\coding-projects\\voicenote\\src\\types\\note.ts","statementMap":{"0":{"start":{"line":28,"column":2},"end":{"line":36,"column":4}},"1":{"start":{"line":30,"column":48},"end":{"line":30,"column":59}}},"fnMap":{"0":{"name":"copyNote","decl":{"start":{"line":27,"column":16},"end":{"line":27,"column":24}},"loc":{"start":{"line":27,"column":40},"end":{"line":37,"column":1}},"line":27},"1":{"name":"(anonymous_1)","decl":{"start":{"line":30,"column":37},"end":{"line":30,"column":38}},"loc":{"start":{"line":30,"column":48},"end":{"line":30,"column":59}},"line":30}},"branchMap":{},"s":{"0":9,"1":8},"f":{"0":9,"1":8},"b":{},"_coverageSchema":"1a1c01bbd47fc00a2c39e90264f33305004495a9","hash":"16c7b3abed47d663bce454314e62ba67064ec1cc"}
}
