TN:
SF:src\db.js
FN:35,migrate
FN:60,backfill
FN:69,(anonymous_2)
FN:77,getDb
FN:79,(anonymous_4)
FN:90,initDb
FN:96,parseDueDate
FN:105,normalizeAndDedupeNames
FN:115,uuid
FN:116,(anonymous_9)
FN:125,saveNote
FN:138,(anonymous_11)
FN:146,(anonymous_12)
FN:172,updateNote
FN:176,(anonymous_14)
FN:181,(anonymous_15)
FN:206,deleteNote
FN:211,completeActionItem
FN:216,setActionCalendarEvent
FN:227,getNote
FN:237,(anonymous_20)
FN:251,getRecentNotes
FN:263,searchNotes
FN:281,getOpenActionItems
FN:294,getActionItemsFiltered
FN:336,(anonymous_25)
FN:353,getNotesByDateRange
FN:370,getNotesByTag
FN:406,getRecentNotesByDays
FN:420,reopenActionItem
FN:425,deleteActionItem
FN:438,hydrateNote
FNF:32
FNH:14
FNDA:1,migrate
FNDA:4,backfill
FNDA:2,(anonymous_2)
FNDA:4,getDb
FNDA:1,(anonymous_4)
FNDA:0,initDb
FNDA:10,parseDueDate
FNDA:7,normalizeAndDedupeNames
FNDA:3,uuid
FNDA:93,(anonymous_9)
FNDA:3,saveNote
FNDA:3,(anonymous_11)
FNDA:3,(anonymous_12)
FNDA:0,updateNote
FNDA:0,(anonymous_14)
FNDA:0,(anonymous_15)
FNDA:0,deleteNote
FNDA:0,completeActionItem
FNDA:0,setActionCalendarEvent
FNDA:0,getNote
FNDA:0,(anonymous_20)
FNDA:0,getRecentNotes
FNDA:0,searchNotes
FNDA:0,getOpenActionItems
FNDA:0,getActionItemsFiltered
FNDA:0,(anonymous_25)
FNDA:0,getNotesByDateRange
FNDA:1,getNotesByTag
FNDA:0,getRecentNotesByDays
FNDA:0,reopenActionItem
FNDA:0,deleteActionItem
FNDA:11,hydrateNote
DA:5,5
DA:36,1
DA:42,1
DA:43,4
DA:44,4
DA:53,1
DA:54,1
DA:55,1
DA:56,1
DA:61,4
DA:64,4
DA:65,2
DA:66,2
DA:67,2
DA:69,2
DA:76,5
DA:78,4
DA:79,1
DA:80,1
DA:81,1
DA:82,1
DA:83,1
DA:86,4
DA:91,0
DA:97,10
DA:98,7
DA:99,7
DA:100,6
DA:106,7
DA:107,7
DA:108,10
DA:109,10
DA:110,10
DA:112,7
DA:116,3
DA:117,93
DA:118,93
DA:119,93
DA:126,3
DA:127,3
DA:128,3
DA:135,3
DA:136,3
DA:138,3
DA:139,3
DA:146,3
DA:153,3
DA:154,0
DA:155,0
DA:169,3
DA:173,0
DA:174,0
DA:175,0
DA:176,0
DA:177,0
DA:181,0
DA:188,0
DA:189,0
DA:190,0
DA:191,0
DA:207,0
DA:208,0
DA:212,0
DA:213,0
DA:217,0
DA:218,0
DA:228,0
DA:229,0
DA:230,0
DA:231,0
DA:232,0
DA:237,0
DA:248,0
DA:252,0
DA:253,0
DA:260,0
DA:264,0
DA:265,0
DA:266,0
DA:278,0
DA:282,0
DA:283,0
DA:299,0
DA:300,0
DA:301,0
DA:303,0
DA:304,0
DA:305,0
DA:307,0
DA:308,0
DA:309,0
DA:311,0
DA:312,0
DA:315,0
DA:316,0
DA:317,0
DA:318,0
DA:319,0
DA:324,0
DA:325,0
DA:336,0
DA:354,0
DA:355,0
DA:356,0
DA:357,0
DA:358,0
DA:367,0
DA:371,1
DA:373,1
DA:376,1
DA:377,1
DA:385,1
DA:388,0
DA:392,0
DA:393,0
DA:394,0
DA:395,0
DA:403,0
DA:407,0
DA:408,0
DA:409,0
DA:417,0
DA:421,0
DA:422,0
DA:426,0
DA:427,0
DA:431,0
DA:432,0
DA:433,0
DA:439,11
DA:440,11
LF:131
LH:54
BRDA:54,0,0,1
BRDA:54,0,1,0
BRDA:65,1,0,2
BRDA:65,1,1,0
BRDA:78,2,0,1
BRDA:78,2,1,3
BRDA:97,3,0,3
BRDA:97,3,1,7
BRDA:99,4,0,1
BRDA:99,4,1,6
BRDA:99,5,0,7
BRDA:99,5,1,6
BRDA:99,5,2,6
BRDA:108,6,0,0
BRDA:108,6,1,10
BRDA:108,7,0,10
BRDA:108,7,1,10
BRDA:110,8,0,7
BRDA:110,8,1,3
BRDA:118,9,0,90
BRDA:118,9,1,3
BRDA:130,10,0,0
BRDA:131,11,0,0
BRDA:132,12,0,0
BRDA:133,13,0,0
BRDA:134,14,0,0
BRDA:135,15,0,3
BRDA:135,15,1,0
BRDA:144,16,0,3
BRDA:144,16,1,0
BRDA:160,17,0,0
BRDA:160,17,1,0
BRDA:161,18,0,0
BRDA:161,18,1,0
BRDA:162,19,0,0
BRDA:162,19,1,0
BRDA:163,20,0,0
BRDA:163,20,1,0
BRDA:175,21,0,0
BRDA:175,21,1,0
BRDA:179,22,0,0
BRDA:179,22,1,0
BRDA:180,23,0,0
BRDA:180,23,1,0
BRDA:182,24,0,0
BRDA:182,24,1,0
BRDA:183,25,0,0
BRDA:183,25,1,0
BRDA:184,26,0,0
BRDA:184,26,1,0
BRDA:189,27,0,0
BRDA:189,27,1,0
BRDA:196,28,0,0
BRDA:196,28,1,0
BRDA:197,29,0,0
BRDA:197,29,1,0
BRDA:198,30,0,0
BRDA:198,30,1,0
BRDA:199,31,0,0
BRDA:199,31,1,0
BRDA:230,32,0,0
BRDA:230,32,1,0
BRDA:240,33,0,0
BRDA:240,33,1,0
BRDA:243,34,0,0
BRDA:243,34,1,0
BRDA:246,35,0,0
BRDA:246,35,1,0
BRDA:251,36,0,0
BRDA:263,37,0,0
BRDA:281,38,0,0
BRDA:294,39,0,0
BRDA:303,40,0,0
BRDA:303,40,1,0
BRDA:307,41,0,0
BRDA:307,41,1,0
BRDA:309,42,0,0
BRDA:309,42,1,0
BRDA:315,43,0,0
BRDA:315,43,1,0
BRDA:317,44,0,0
BRDA:317,44,1,0
BRDA:324,45,0,0
BRDA:324,45,1,0
BRDA:340,46,0,0
BRDA:340,46,1,0
BRDA:343,47,0,0
BRDA:343,47,1,0
BRDA:346,48,0,0
BRDA:346,48,1,0
BRDA:348,49,0,0
BRDA:348,49,1,0
BRDA:349,50,0,0
BRDA:349,50,1,0
BRDA:357,51,0,0
BRDA:357,51,1,0
BRDA:357,52,0,0
BRDA:357,52,1,0
BRDA:373,53,0,1
BRDA:373,53,1,0
BRDA:393,54,0,0
BRDA:393,54,1,0
BRDA:406,55,0,0
BRDA:431,56,0,0
BRDA:431,56,1,0
BRDA:433,57,0,0
BRDA:433,57,1,0
BRDA:439,58,0,11
BRDA:439,58,1,1
BRDA:445,59,0,11
BRDA:445,59,1,1
BRDA:448,60,0,11
BRDA:448,60,1,1
BRDA:449,61,0,11
BRDA:449,61,1,1
BRDA:451,62,0,11
BRDA:451,62,1,1
BRF:117
BRH:31
end_of_record
TN:
SF:src\normalizeName.ts
FN:38,stripDiacritics
FN:43,toKey
FN:49,stripHonorific
FN:56,normalizePersonName
FNF:4
FNH:4
FNDA:70,stripDiacritics
FNDA:70,toKey
FNDA:46,stripHonorific
FNDA:46,normalizePersonName
DA:8,6
DA:39,70
DA:44,70
DA:50,46
DA:51,46
DA:52,24
DA:53,24
DA:57,46
DA:58,46
DA:59,46
LF:10
LH:10
BRDA:51,0,0,22
BRDA:51,0,1,24
BRDA:53,1,0,22
BRDA:53,1,1,2
BRF:4
BRH:4
end_of_record
TN:
SF:src\lib\dateAnchor.ts
FN:7,buildAnchor
FNF:1
FNH:1
FNDA:8,buildAnchor
DA:1,1
DA:12,8
DA:13,8
DA:15,8
DA:16,8
DA:17,8
DA:18,8
DA:19,8
DA:21,8
DA:22,8
DA:23,16
DA:24,16
DA:25,112
DA:26,112
DA:27,112
DA:28,112
DA:29,112
DA:33,8
LF:18
LH:18
BRDA:7,0,0,1
BRDA:18,1,0,0
BRDA:18,1,1,8
BRDA:23,2,0,8
BRDA:23,2,1,8
BRDA:28,3,0,8
BRDA:28,3,1,104
BRF:7
BRH:6
end_of_record
TN:
SF:src\lib\dateFormat.ts
FN:6,formatDate
FN:18,formatDateTime
FNF:2
FNH:2
FNDA:14,formatDate
FNDA:3,formatDateTime
DA:1,1
DA:7,14
DA:8,14
DA:9,14
DA:10,14
DA:11,14
DA:12,14
DA:13,1
DA:15,13
DA:19,3
DA:20,3
DA:21,3
DA:22,3
DA:23,3
DA:24,3
LF:15
LH:15
BRDA:12,0,0,1
BRDA:12,0,1,13
BRF:2
BRH:2
end_of_record
TN:
SF:src\types\note.ts
FN:27,copyNote
FN:30,(anonymous_1)
FNF:2
FNH:2
FNDA:9,copyNote
FNDA:8,(anonymous_1)
DA:28,9
DA:30,8
LF:2
LH:2
BRF:0
BRH:0
end_of_record
